2026-05-28 07:04:07,151 [INFO] Starting Scalp BTC Bot...
2026-05-28 07:04:07,865 [INFO] Live Trader Initialized. Start Balance: 5.16774038 USDT
2026-05-28 07:04:07,968 [INFO] Posisi terbuka terdeteksi saat startup. Bot akan menunggu sampai posisi tertutup.
2026-05-28 07:04:09,197 [INFO] Loading historical data for initial calculations...
2026-05-28 07:04:09,572 [INFO] Starting 1m kline stream...
2026-05-28 07:04:09,575 [INFO] Starting 5m kline stream...
2026-05-28 07:04:09,576 [INFO] Starting 15m kline stream...
2026-05-28 07:04:09,576 [INFO] Starting depth stream for OFI...
2026-05-28 07:04:57,560 [INFO] [SKIP] Sudah ada posisi terbuka. Menunggu posisi tertutup dulu...
2026-05-28 07:09:50,742 [INFO] Starting Scalp BTC Bot...
2026-05-28 07:09:51,448 [INFO] Live Trader Initialized. Start Balance: 5.16774038 USDT
2026-05-28 07:09:51,552 [INFO] Posisi terbuka terdeteksi saat startup. Menunggu posisi tertutup...
2026-05-28 07:09:52,845 [INFO] Loading historical data for initial calculations...
2026-05-28 07:09:53,220 [INFO] Starting 1m kline stream...
2026-05-28 07:09:53,223 [INFO] Starting 5m kline stream...
2026-05-28 07:09:53,224 [INFO] Starting 15m kline stream...
2026-05-28 07:09:53,225 [INFO] Starting depth stream for OFI...
2026-05-28 07:09:57,437 [INFO] [SKIP] Posisi masih terbuka. Menunggu SL/TP...
2026-05-28 07:14:57,644 [INFO] [SKIP] Posisi masih terbuka. Menunggu SL/TP...
2026-05-28 07:19:57,532 [INFO] [SKIP] Posisi masih terbuka. Menunggu SL/TP...
2026-05-28 07:24:57,508 [INFO] [SKIP] Posisi masih terbuka. Menunggu SL/TP...
2026-05-28 07:28:50,353 [INFO] Starting Scalp BTC Bot...
2026-05-28 07:28:51,071 [INFO] Live Trader Initialized. Start Balance: 5.16774038 USDT
2026-05-28 07:28:51,175 [INFO] Posisi terbuka terdeteksi saat startup. Menunggu posisi tertutup...
2026-05-28 07:28:52,313 [INFO] Loading historical data for initial calculations...
2026-05-28 07:28:52,701 [INFO] Starting 1m kline stream...
2026-05-28 07:28:52,707 [INFO] Starting 5m kline stream...
2026-05-28 07:28:52,708 [INFO] Starting 15m kline stream...
2026-05-28 07:28:52,709 [INFO] Starting depth stream for OFI...
2026-05-28 07:29:57,603 [INFO] [SKIP] Posisi masih terbuka. Menunggu SL/TP...
2026-05-28 07:34:57,577 [INFO] [SKIP] Posisi masih terbuka. Menunggu SL/TP...
2026-05-28 07:39:57,583 [INFO] [SKIP] Posisi masih terbuka. Menunggu SL/TP...
2026-05-28 07:44:57,578 [INFO] [SKIP] Posisi masih terbuka. Menunggu SL/TP...
2026-05-28 07:49:57,582 [INFO] [SKIP] Posisi masih terbuka. Menunggu SL/TP...
2026-05-28 07:54:57,557 [INFO] [SKIP] Posisi masih terbuka. Menunggu SL/TP...
2026-05-28 07:59:57,584 [INFO] [SKIP] Posisi masih terbuka. Menunggu SL/TP...
2026-05-28 08:04:57,489 [INFO] [SKIP] Posisi masih terbuka. Menunggu SL/TP...
2026-05-28 08:09:57,521 [INFO] [SKIP] Posisi masih terbuka. Menunggu SL/TP...
2026-05-28 08:14:57,503 [INFO] [SKIP] Posisi masih terbuka. Menunggu SL/TP...
2026-05-28 08:19:57,526 [INFO] [SKIP] Posisi masih terbuka. Menunggu SL/TP...
2026-05-28 08:24:57,469 [INFO] [SKIP] Posisi masih terbuka. Menunggu SL/TP...
2026-05-28 08:29:57,763 [INFO] [SKIP] Posisi masih terbuka. Menunggu SL/TP...
2026-05-28 08:34:57,437 [INFO] [SKIP] Posisi masih terbuka. Menunggu SL/TP...
2026-05-28 08:39:57,438 [INFO] [SKIP] Posisi masih terbuka. Menunggu SL/TP...
2026-05-28 08:44:57,450 [INFO] [SKIP] Posisi masih terbuka. Menunggu SL/TP...
2026-05-28 08:49:57,415 [INFO] [SKIP] Posisi masih terbuka. Menunggu SL/TP...
2026-05-28 08:54:57,395 [INFO] [SKIP] Posisi masih terbuka. Menunggu SL/TP...
2026-05-28 08:59:57,413 [INFO] [SKIP] Posisi masih terbuka. Menunggu SL/TP...
2026-05-28 09:04:57,369 [INFO] [SKIP] Posisi masih terbuka. Menunggu SL/TP...
2026-05-28 09:09:57,356 [INFO] [SKIP] Posisi masih terbuka. Menunggu SL/TP...
2026-05-28 09:14:57,369 [INFO] [SKIP] Posisi masih terbuka. Menunggu SL/TP...
2026-05-28 09:19:57,322 [INFO] [SKIP] Posisi masih terbuka. Menunggu SL/TP...
2026-05-28 09:24:57,329 [INFO] [SKIP] Posisi masih terbuka. Menunggu SL/TP...
2026-05-28 09:29:57,314 [INFO] [SKIP] Posisi masih terbuka. Menunggu SL/TP...
2026-05-28 09:34:57,292 [INFO] [SKIP] Posisi masih terbuka. Menunggu SL/TP...
2026-05-28 09:39:57,341 [INFO] [SKIP] Posisi masih terbuka. Menunggu SL/TP...
2026-05-28 09:44:57,279 [INFO] [SKIP] Posisi masih terbuka. Menunggu SL/TP...
2026-05-28 09:49:57,255 [INFO] [SKIP] Posisi masih terbuka. Menunggu SL/TP...
2026-05-28 09:54:57,257 [INFO] [SKIP] Posisi masih terbuka. Menunggu SL/TP...
2026-05-28 09:59:57,259 [INFO] [SKIP] Posisi masih terbuka. Menunggu SL/TP...
2026-05-28 10:04:57,349 [INFO] [SKIP] Posisi masih terbuka. Menunggu SL/TP...
2026-05-28 10:09:57,202 [INFO] [SKIP] Posisi masih terbuka. Menunggu SL/TP...
2026-05-28 10:14:57,340 [INFO] [SKIP] Posisi masih terbuka. Menunggu SL/TP...
2026-05-28 10:19:57,207 [INFO] [SKIP] Posisi masih terbuka. Menunggu SL/TP...
2026-05-28 10:24:57,292 [INFO] [SKIP] Posisi masih terbuka. Menunggu SL/TP...
2026-05-28 10:29:57,185 [INFO] [SKIP] Posisi masih terbuka. Menunggu SL/TP...
2026-05-28 10:34:57,142 [INFO] [SKIP] Posisi masih terbuka. Menunggu SL/TP...
2026-05-28 10:39:57,135 [INFO] [SKIP] Posisi masih terbuka. Menunggu SL/TP...
2026-05-28 10:44:57,140 [INFO] [SKIP] Posisi masih terbuka. Menunggu SL/TP...
2026-05-28 10:49:57,148 [INFO] [SKIP] Posisi masih terbuka. Menunggu SL/TP...
2026-05-28 10:54:57,088 [INFO] [SKIP] Posisi masih terbuka. Menunggu SL/TP...
2026-05-28 10:59:57,111 [INFO] [SKIP] Posisi masih terbuka. Menunggu SL/TP...
2026-05-28 11:04:57,068 [INFO] [SKIP] Posisi masih terbuka. Menunggu SL/TP...
2026-05-28 11:09:57,063 [INFO] [SKIP] Posisi masih terbuka. Menunggu SL/TP...
2026-05-28 11:14:57,071 [INFO] [SKIP] Posisi masih terbuka. Menunggu SL/TP...
2026-05-28 11:19:57,073 [INFO] [SKIP] Posisi masih terbuka. Menunggu SL/TP...
2026-05-28 11:25:00,295 [ERROR] Error checking position: APIError(code=-1021): Timestamp for this request was 1000ms ahead of the server's time.
2026-05-28 11:25:00,410 [ERROR] Error di manage_trailing_stop: APIError(code=-1021): Timestamp for this request was 1000ms ahead of the server's time.
2026-05-28 11:25:00,411 [INFO] [SKIP] Posisi masih terbuka. Menunggu SL/TP...
2026-05-28 11:30:00,280 [ERROR] Error checking position: APIError(code=-1021): Timestamp for this request was 1000ms ahead of the server's time.
2026-05-28 11:30:00,384 [ERROR] Error di manage_trailing_stop: APIError(code=-1021): Timestamp for this request was 1000ms ahead of the server's time.
2026-05-28 11:30:00,385 [INFO] [SKIP] Posisi masih terbuka. Menunggu SL/TP...
2026-05-28 11:35:00,245 [ERROR] Error checking position: APIError(code=-1021): Timestamp for this request was 1000ms ahead of the server's time.
2026-05-28 11:35:00,347 [ERROR] Error di manage_trailing_stop: APIError(code=-1021): Timestamp for this request was 1000ms ahead of the server's time.
2026-05-28 11:35:00,347 [INFO] [SKIP] Posisi masih terbuka. Menunggu SL/TP...
2026-05-28 11:40:00,247 [ERROR] Error checking position: APIError(code=-1021): Timestamp for this request was 1000ms ahead of the server's time.
2026-05-28 11:40:00,485 [ERROR] Error di manage_trailing_stop: APIError(code=-1021): Timestamp for this request was 1000ms ahead of the server's time.
2026-05-28 11:40:00,486 [INFO] [SKIP] Posisi masih terbuka. Menunggu SL/TP...
2026-05-28 11:45:00,234 [ERROR] Error checking position: APIError(code=-1021): Timestamp for this request was 1000ms ahead of the server's time.
2026-05-28 11:45:00,337 [ERROR] Error di manage_trailing_stop: APIError(code=-1021): Timestamp for this request was 1000ms ahead of the server's time.
2026-05-28 11:45:00,337 [INFO] [SKIP] Posisi masih terbuka. Menunggu SL/TP...
2026-05-28 11:50:00,210 [ERROR] Error checking position: APIError(code=-1021): Timestamp for this request was 1000ms ahead of the server's time.
2026-05-28 11:50:00,313 [ERROR] Error di manage_trailing_stop: APIError(code=-1021): Timestamp for this request was 1000ms ahead of the server's time.
2026-05-28 11:50:00,313 [INFO] [SKIP] Posisi masih terbuka. Menunggu SL/TP...
2026-05-28 11:55:00,298 [ERROR] Error checking position: APIError(code=-1021): Timestamp for this request was 1000ms ahead of the server's time.
2026-05-28 11:55:00,474 [ERROR] Error di manage_trailing_stop: APIError(code=-1021): Timestamp for this request was 1000ms ahead of the server's time.
2026-05-28 11:55:00,474 [INFO] [SKIP] Posisi masih terbuka. Menunggu SL/TP...
2026-05-28 12:00:00,226 [ERROR] Error checking position: APIError(code=-1021): Timestamp for this request was 1000ms ahead of the server's time.
2026-05-28 12:00:00,341 [ERROR] Error di manage_trailing_stop: APIError(code=-1021): Timestamp for this request was 1000ms ahead of the server's time.
2026-05-28 12:00:00,342 [INFO] [SKIP] Posisi masih terbuka. Menunggu SL/TP...
2026-05-28 12:05:00,159 [ERROR] Error checking position: APIError(code=-1021): Timestamp for this request was 1000ms ahead of the server's time.
2026-05-28 12:05:00,262 [ERROR] Error di manage_trailing_stop: APIError(code=-1021): Timestamp for this request was 1000ms ahead of the server's time.
2026-05-28 12:05:00,262 [INFO] [SKIP] Posisi masih terbuka. Menunggu SL/TP...
2026-05-28 12:10:00,161 [ERROR] Error checking position: APIError(code=-1021): Timestamp for this request was 1000ms ahead of the server's time.
2026-05-28 12:10:00,268 [ERROR] Error di manage_trailing_stop: APIError(code=-1021): Timestamp for this request was 1000ms ahead of the server's time.
2026-05-28 12:10:00,269 [INFO] [SKIP] Posisi masih terbuka. Menunggu SL/TP...
2026-05-28 12:11:32,577 [INFO] Starting Scalp BTC Bot...
2026-05-28 12:11:33,312 [INFO] Live Trader Initialized. Start Balance: 5.16037749 USDT
2026-05-28 12:11:33,417 [INFO] Posisi terbuka terdeteksi saat startup. Menunggu posisi tertutup...
2026-05-28 12:11:34,606 [INFO] Loading historical data for initial calculations...
2026-05-28 12:11:34,976 [INFO] Starting 1m kline stream...
2026-05-28 12:11:34,988 [INFO] Starting 5m kline stream...
2026-05-28 12:11:34,989 [INFO] Starting 15m kline stream...
2026-05-28 12:11:34,990 [INFO] Starting depth stream for OFI...
2026-05-28 12:15:00,289 [INFO] [SKIP] Posisi masih terbuka. Menunggu SL/TP...
2026-05-28 12:20:00,259 [INFO] [SKIP] Posisi masih terbuka. Menunggu SL/TP...
